[debug] [2021-01-25T21:40:06.340Z] ----------------------------------------------------------------------
[debug] [2021-01-25T21:40:06.341Z] Command:       /usr/local/bin/node /usr/local/bin/firebase init
[debug] [2021-01-25T21:40:06.342Z] CLI Version:   9.2.2
[debug] [2021-01-25T21:40:06.342Z] Platform:      darwin
[debug] [2021-01-25T21:40:06.342Z] Node Version:  v12.17.0
[debug] [2021-01-25T21:40:06.342Z] Time:          Mon Jan 25 2021 15:40:06 GMT-0600 (Central Standard Time)
[debug] [2021-01-25T21:40:06.342Z] ----------------------------------------------------------------------
[debug] [2021-01-25T21:40:06.342Z] 
[debug] [2021-01-25T21:40:06.345Z] > command requires scopes: ["email","openid","https://www.googleapis.com/auth/cloudplatformprojects.readonly","https://www.googleapis.com/auth/firebase","https://www.googleapis.com/auth/cloud-platform"]
[debug] [2021-01-25T21:40:06.346Z] > authorizing via signed-in user
[info] 
     ######## #### ########  ######## ########     ###     ######  ########
     ##        ##  ##     ## ##       ##     ##  ##   ##  ##       ##
     ######    ##  ########  ######   ########  #########  ######  ######
     ##        ##  ##    ##  ##       ##     ## ##     ##       ## ##
     ##       #### ##     ## ######## ########  ##     ##  ######  ########

You're about to initialize a Firebase project in this directory:

  /Users/lopezpi/Documents/Courses/Angular/Maximillian/recipes-testing

[info] 
=== Project Setup
[info] 
[info] First, let's associate this project directory with a Firebase project.
[info] You can create multiple project aliases by running firebase use --add, 
[info] but for now we'll just set up a default project.
[info] 
[debug] [2021-01-25T21:41:19.864Z] >>> [apiv2][query] GET https://firebase.googleapis.com/v1beta1/projects pageSize=100
[debug] [2021-01-25T21:41:20.120Z] <<< [apiv2][status] GET https://firebase.googleapis.com/v1beta1/projects 200
[debug] [2021-01-25T21:41:20.120Z] <<< [apiv2][body] GET https://firebase.googleapis.com/v1beta1/projects [omitted]
[info] i  Using project ng-posts-testing (ng-posts-testing) 
[info] 
=== Hosting Setup
[info] 
[info] Your public directory is the folder (relative to your project directory) that
[info] will contain Hosting assets to be uploaded with firebase deploy. If you
[info] have a build process for your assets, use your build's output directory.
[info] 
[debug] [2021-01-25T21:50:20.715Z] >>> [apiv2][query] GET https://www.gstatic.com/firebasejs/releases.json [none]
[debug] [2021-01-25T21:50:20.851Z] <<< [apiv2][status] GET https://www.gstatic.com/firebasejs/releases.json 200
[debug] [2021-01-25T21:50:20.852Z] <<< [apiv2][body] GET https://www.gstatic.com/firebasejs/releases.json {"current":{"version":"8.2.4","browserURL":"https://www.gstatic.com/firebasejs/8.2.4/firebase.js","packageURL":"https://www.gstatic.com/firebasejs/8.2.4/firebase.tgz"},"live":{"version":"8.2","browserURL":"https://www.gstatic.com/firebasejs/live/8.2/firebase.js","packageURL":"https://www.gstatic.com/firebasejs/live/8.2/firebase.tgz"},"components":{"analytics":"https://www.gstatic.com/firebasejs/8.2.4/firebase-analytics.js","app":"https://www.gstatic.com/firebasejs/8.2.4/firebase-app.js","auth":"https://www.gstatic.com/firebasejs/8.2.4/firebase-auth.js","database":"https://www.gstatic.com/firebasejs/8.2.4/firebase-database.js","firestore":"https://www.gstatic.com/firebasejs/8.2.4/firebase-firestore.js","functions":"https://www.gstatic.com/firebasejs/8.2.4/firebase-functions.js","installations":"https://www.gstatic.com/firebasejs/8.2.4/firebase-installations.js","messaging":"https://www.gstatic.com/firebasejs/8.2.4/firebase-messaging.js","storage":"https://www.gstatic.com/firebasejs/8.2.4/firebase-storage.js","performance":"https://www.gstatic.com/firebasejs/8.2.4/firebase-performance.js","remote-config":"https://www.gstatic.com/firebasejs/8.2.4/firebase-remote-config.js","firestore.memory":"https://www.gstatic.com/firebasejs/8.2.4/firebase-firestore.memory.js"}}
[info] ✔  Wrote dist/recipes-test/index.html 
[info] 
[info] i  Detected a .git folder at /Users/lopezpi/Documents/Courses/Angular/Maximillian/recipes-testing 
[info] i  Authorizing with GitHub to upload your service account to a GitHub repository's secrets store. 
[info] 
[info] Visit this URL on this device to log in:
[info] https://github.com/login/oauth/authorize?client_id=89cf50f02ac6aaed3484&state=683280742&redirect_uri=http%3A%2F%2Flocalhost%3A9005&scope=read%3Auser%20repo%20public_repo
[info] 
[info] Waiting for authentication...
[debug] [2021-01-25T21:51:52.089Z] >>> HTTP REQUEST POST https://github.com/login/oauth/access_token  
 {"client_id":"89cf50f02ac6aaed3484","client_secret":"3330d14abc895d9a74d5f17cd7a00711fa2c5bf0","code":"c6b82583c8aa055a2983","redirect_uri":"http://localhost:9005","state":"683280742"}
[debug] [2021-01-25T21:51:52.426Z] <<< HTTP RESPONSE 200 {"server":"GitHub.com","date":"Mon, 25 Jan 2021 21:51:52 GMT","content-type":"application/json; charset=utf-8","transfer-encoding":"chunked","status":"200 OK","vary":"X-PJAX, Accept-Encoding, Accept, X-Requested-With","etag":"W/\"d53ef93a642787c0b6a731c3f46a49ce\"","cache-control":"max-age=0, private, must-revalidate","strict-transport-security":"max-age=31536000; includeSubdomains; preload","x-frame-options":"deny","x-content-type-options":"nosniff","x-xss-protection":"1; mode=block","referrer-policy":"origin-when-cross-origin, strict-origin-when-cross-origin","expect-ct":"max-age=2592000, report-uri=\"https://api.github.com/_private/browser/errors\"","content-security-policy":"default-src 'none'; base-uri 'self'; block-all-mixed-content; connect-src 'self' uploads.github.com www.githubstatus.com collector.githubapp.com api.github.com github-cloud.s3.amazonaws.com github-production-repository-file-5c1aeb.s3.amazonaws.com github-production-upload-manifest-file-7fdce7.s3.amazonaws.com github-production-user-asset-6210df.s3.amazonaws.com cdn.optimizely.com logx.optimizely.com/v1/events wss://alive.github.com; font-src github.githubassets.com; form-action 'self' github.com gist.github.com; frame-ancestors 'none'; frame-src render.githubusercontent.com; img-src 'self' data: github.githubassets.com identicons.github.com collector.githubapp.com github-cloud.s3.amazonaws.com *.githubusercontent.com; manifest-src 'self'; media-src 'none'; script-src github.githubassets.com; style-src 'unsafe-inline' github.githubassets.com; worker-src github.com/socket-worker-5029ae85.js gist.github.com/socket-worker-5029ae85.js","x-github-request-id":"D096:15D7:B4E9A:12C90B:600F3D78"}
[debug] [2021-01-25T21:51:52.427Z] >>> [apiv2][query] GET https://api.github.com/user [none]
[debug] [2021-01-25T21:51:52.759Z] <<< [apiv2][status] GET https://api.github.com/user 200
[debug] [2021-01-25T21:51:52.759Z] <<< [apiv2][body] GET https://api.github.com/user {"login":"pablolopezj","id":27967554,"node_id":"MDQ6VXNlcjI3OTY3NTU0","avatar_url":"https://avatars.githubusercontent.com/u/27967554?v=4","gravatar_id":"","url":"https://api.github.com/users/pablolopezj","html_url":"https://github.com/pablolopezj","followers_url":"https://api.github.com/users/pablolopezj/followers","following_url":"https://api.github.com/users/pablolopezj/following{/other_user}","gists_url":"https://api.github.com/users/pablolopezj/gists{/gist_id}","starred_url":"https://api.github.com/users/pablolopezj/starred{/owner}{/repo}","subscriptions_url":"https://api.github.com/users/pablolopezj/subscriptions","organizations_url":"https://api.github.com/users/pablolopezj/orgs","repos_url":"https://api.github.com/users/pablolopezj/repos","events_url":"https://api.github.com/users/pablolopezj/events{/privacy}","received_events_url":"https://api.github.com/users/pablolopezj/received_events","type":"User","site_admin":false,"name":"Pablo Isaac López Jaimes","company":"Virket","blog":"","location":"CDMX Santa Fe","email":null,"hireable":null,"bio":null,"twitter_username":null,"public_repos":14,"public_gists":0,"followers":0,"following":0,"created_at":"2017-04-24T16:36:01Z","updated_at":"2021-01-25T21:51:51Z","private_gists":0,"total_private_repos":0,"owned_private_repos":0,"disk_usage":140045,"collaborators":0,"two_factor_authentication":false,"plan":{"name":"free","space":976562499,"collaborators":0,"private_repos":10000}}
[info] 
[info] ✔  Success! Logged into GitHub as pablolopezj 
[info] 
